<?xml version="1.0" encoding="UTF-8"?>
<testng-results skipped="0" failed="0" ignored="0" total="3" passed="3">
  <reporter-output>
    <line>
      <![CDATA[Title is matchingactiTIME - Login]]>
    </line>
    <line>
      <![CDATA[Title is matchingactiTIME - Login]]>
    </line>
    <line>
      <![CDATA[Title is matchingactiTIME - Enter Time-Track]]>
    </line>
    <line>
      <![CDATA[Title is matchingactiTIME - Login]]>
    </line>
    <line>
      <![CDATA[Title is matchingactiTIME - Login]]>
    </line>
    <line>
      <![CDATA[Element is matching[[ChromeDriver: chrome on WIN8_1 (0c987437a1b6fd79eef35a2316975138)] -> xpath: //span[contains(.,'invalid')]]]]>
    </line>
  </reporter-output>
  <suite name="Suite" duration-ms="22733" started-at="2017-09-06T14:17:40Z" finished-at="2017-09-06T14:18:03Z">
    <groups>
    </groups>
    <test name="Test" duration-ms="22733" started-at="2017-09-06T14:17:40Z" finished-at="2017-09-06T14:18:03Z">
      <class name="com.actitime.test.InvalidLoginTest">
        <test-method status="PASS" signature="preConditions()[pri:0, instance:com.actitime.test.InvalidLoginTest@18be83e4]" name="preConditions" is-config="true" duration-ms="3769" started-at="2017-09-06T19:47:55Z" finished-at="2017-09-06T19:47:59Z">
          <reporter-output>
          </reporter-output>
        </test-method> <!-- preConditions -->
        <test-method status="PASS" signature="testInvalidLogin()[pri:0, instance:com.actitime.test.InvalidLoginTest@18be83e4]" name="testInvalidLogin" duration-ms="1396" started-at="2017-09-06T19:47:59Z" finished-at="2017-09-06T19:48:00Z">
          <reporter-output>
            <line>
              <![CDATA[Title is matchingactiTIME - Login]]>
            </line>
            <line>
              <![CDATA[Element is matching[[ChromeDriver: chrome on WIN8_1 (0c987437a1b6fd79eef35a2316975138)] -> xpath: //span[contains(.,'invalid')]]]]>
            </line>
          </reporter-output>
        </test-method> <!-- testInvalidLogin -->
        <test-method status="PASS" signature="postConditions()[pri:0, instance:com.actitime.test.InvalidLoginTest@18be83e4]" name="postConditions" is-config="true" duration-ms="2407" started-at="2017-09-06T19:48:00Z" finished-at="2017-09-06T19:48:03Z">
          <reporter-output>
          </reporter-output>
        </test-method> <!-- postConditions -->
      </class> <!-- com.actitime.test.InvalidLoginTest -->
      <class name="com.actitime.test.VerifyVersionTest">
        <test-method status="PASS" signature="preConditions()[pri:0, instance:com.actitime.test.VerifyVersionTest@55f3ddb1]" name="preConditions" is-config="true" duration-ms="4609" started-at="2017-09-06T19:47:40Z" finished-at="2017-09-06T19:47:45Z">
          <reporter-output>
          </reporter-output>
        </test-method> <!-- preConditions -->
        <test-method status="PASS" signature="testVersion()[pri:0, instance:com.actitime.test.VerifyVersionTest@55f3ddb1]" name="testVersion" duration-ms="2062" started-at="2017-09-06T19:47:45Z" finished-at="2017-09-06T19:47:47Z">
          <reporter-output>
            <line>
              <![CDATA[Title is matchingactiTIME - Login]]>
            </line>
          </reporter-output>
        </test-method> <!-- testVersion -->
        <test-method status="PASS" signature="postConditions()[pri:0, instance:com.actitime.test.VerifyVersionTest@55f3ddb1]" name="postConditions" is-config="true" duration-ms="273" started-at="2017-09-06T19:47:47Z" finished-at="2017-09-06T19:47:48Z">
          <reporter-output>
          </reporter-output>
        </test-method> <!-- postConditions -->
      </class> <!-- com.actitime.test.VerifyVersionTest -->
      <class name="com.actitime.test.ValidLoginTest">
        <test-method status="PASS" signature="preConditions()[pri:0, instance:com.actitime.test.ValidLoginTest@8bd1b6a]" name="preConditions" is-config="true" duration-ms="3982" started-at="2017-09-06T19:47:48Z" finished-at="2017-09-06T19:47:52Z">
          <reporter-output>
          </reporter-output>
        </test-method> <!-- preConditions -->
        <test-method status="PASS" signature="testValidLogin()[pri:0, instance:com.actitime.test.ValidLoginTest@8bd1b6a]" name="testValidLogin" duration-ms="2815" started-at="2017-09-06T19:47:52Z" finished-at="2017-09-06T19:47:54Z">
          <reporter-output>
            <line>
              <![CDATA[Title is matchingactiTIME - Login]]>
            </line>
            <line>
              <![CDATA[Title is matchingactiTIME - Enter Time-Track]]>
            </line>
            <line>
              <![CDATA[Title is matchingactiTIME - Login]]>
            </line>
          </reporter-output>
        </test-method> <!-- testValidLogin -->
        <test-method status="PASS" signature="postConditions()[pri:0, instance:com.actitime.test.ValidLoginTest@8bd1b6a]" name="postConditions" is-config="true" duration-ms="307" started-at="2017-09-06T19:47:55Z" finished-at="2017-09-06T19:47:55Z">
          <reporter-output>
          </reporter-output>
        </test-method> <!-- postConditions -->
      </class> <!-- com.actitime.test.ValidLoginTest -->
    </test> <!-- Test -->
  </suite> <!-- Suite -->
</testng-results>
